c:\users\robin schoonus\documents\github\eindopracht_opjectprogameren\eindopdracht\laagdoorlaatfilter_framework\x64\debug\vc141.pdb
c:\users\robin schoonus\documents\github\eindopracht_opjectprogameren\eindopdracht\laagdoorlaatfilter_framework\x64\debug\vc141.idb
c:\users\robin schoonus\documents\github\eindopracht_opjectprogameren\eindopdracht\laagdoorlaatfilter_framework\x64\debug\rcfilter.obj
c:\users\robin schoonus\documents\github\eindopracht_opjectprogameren\eindopdracht\laagdoorlaatfilter_framework\x64\debug\main.obj
c:\users\robin schoonus\documents\github\eindopracht_opjectprogameren\eindopdracht\laagdoorlaatfilter_framework\x64\debug\laagdoorlaatfilter_framework.obj
c:\users\robin schoonus\documents\github\eindopracht_opjectprogameren\eindopdracht\laagdoorlaatfilter_framework\x64\debug\frequencyrange.obj
c:\users\robin schoonus\documents\github\eindopracht_opjectprogameren\eindopdracht\laagdoorlaatfilter_framework\x64\debug\filterpoint.obj
c:\users\robin schoonus\documents\github\eindopracht_opjectprogameren\eindopdracht\laagdoorlaatfilter_framework\x64\debug\zip.obj
c:\users\robin schoonus\documents\github\eindopracht_opjectprogameren\eindopdracht\laagdoorlaatfilter_framework\x64\debug\xlsxheaders.obj
c:\users\robin schoonus\documents\github\eindopracht_opjectprogameren\eindopdracht\laagdoorlaatfilter_framework\x64\debug\worksheet.obj
c:\users\robin schoonus\documents\github\eindopracht_opjectprogameren\eindopdracht\laagdoorlaatfilter_framework\x64\debug\workbook.obj
c:\users\robin schoonus\documents\github\eindopracht_opjectprogameren\eindopdracht\laagdoorlaatfilter_framework\x64\debug\drawing.obj
c:\users\robin schoonus\documents\github\eindopracht_opjectprogameren\eindopdracht\laagdoorlaatfilter_framework\x64\debug\chartsheet.obj
c:\users\robin schoonus\documents\github\eindopracht_opjectprogameren\eindopdracht\laagdoorlaatfilter_framework\x64\debug\chart.obj
c:\users\robin schoonus\documents\github\eindopracht_opjectprogameren\eindopdracht\laagdoorlaatfilter_framework\x64\debug\xlsxcolorlib.obj
c:\users\robin schoonus\documents\github\eindopracht_opjectprogameren\eindopdracht\laagdoorlaatfilter_framework\x64\debug\clsrgbcolorrecord.obj
c:\users\robin schoonus\documents\github\eindopracht_opjectprogameren\eindopdracht\laagdoorlaatfilter_framework\x64\debug\pathmanager.obj
c:\users\robin schoonus\documents\github\eindopracht_opjectprogameren\eindopdracht\laagdoorlaatfilter_framework\x64\debug\excelwriter.obj
c:\users\robin schoonus\documents\github\eindopracht_opjectprogameren\eindopdracht\x64\debug\laagdoorlaatfilter_framework.exe
c:\users\robin schoonus\documents\github\eindopracht_opjectprogameren\eindopdracht\x64\debug\laagdoorlaatfilter_framework.ilk
c:\users\robin schoonus\documents\github\eindopracht_opjectprogameren\eindopdracht\x64\debug\laagdoorlaatfilter_framework.pdb
c:\users\robin schoonus\documents\github\eindopracht_opjectprogameren\eindopdracht\laagdoorlaatfilter_framework\x64\debug\laagdoorlaatfilter_framework.obj.enc
c:\users\robin schoonus\documents\github\eindopracht_opjectprogameren\eindopdracht\laagdoorlaatfilter_framework\x64\debug\laagdoor.31a801dc.tlog\cl.command.1.tlog
c:\users\robin schoonus\documents\github\eindopracht_opjectprogameren\eindopdracht\laagdoorlaatfilter_framework\x64\debug\laagdoor.31a801dc.tlog\cl.read.1.tlog
c:\users\robin schoonus\documents\github\eindopracht_opjectprogameren\eindopdracht\laagdoorlaatfilter_framework\x64\debug\laagdoor.31a801dc.tlog\cl.write.1.tlog
c:\users\robin schoonus\documents\github\eindopracht_opjectprogameren\eindopdracht\laagdoorlaatfilter_framework\x64\debug\laagdoor.31a801dc.tlog\link.command.1.tlog
c:\users\robin schoonus\documents\github\eindopracht_opjectprogameren\eindopdracht\laagdoorlaatfilter_framework\x64\debug\laagdoor.31a801dc.tlog\link.read.1.tlog
c:\users\robin schoonus\documents\github\eindopracht_opjectprogameren\eindopdracht\laagdoorlaatfilter_framework\x64\debug\laagdoor.31a801dc.tlog\link.write.1.tlog
